# JRE version: OpenJDK Runtime Environment (8.0_242-b01) (build 1.8.0_242-release-1644-b01)
# Java VM: OpenJDK 64-Bit Server VM (25.242-b01 mixed mode windows-amd64 compressed oops)
Heap:
 PSYoungGen      total 616448K, used 544433K [0x00000000d5580000, 0x0000000100000000, 0x0000000100000000)
  eden space 534016K, 97% used [0x00000000d5580000,0x00000000f53e29b0,0x00000000f5f00000)
  from space 82432K, 26% used [0x00000000f5f00000,0x00000000f7449a90,0x00000000faf80000)
  to   space 78336K, 0% used [0x00000000fb380000,0x00000000fb380000,0x0000000100000000)
 ParOldGen       total 229376K, used 96298K [0x0000000080000000, 0x000000008e000000, 0x00000000d5580000)
  object space 229376K, 41% used [0x0000000080000000,0x0000000085e0aaa0,0x000000008e000000)
 Metaspace       used 100703K, capacity 108570K, committed 109096K, reserved 1144832K
  class space    used 12767K, capacity 13994K, committed 14144K, reserved 1048576K
GC Heap History (10 events):
Event: 14531.639 GC heap before
{Heap before GC invocations=78 (full 6):
 PSYoungGen      total 602112K, used 41460K [0x00000000d5580000, 0x0000000100000000, 0x0000000100000000)
  eden space 560640K, 0% used [0x00000000d5580000,0x00000000d5580000,0x00000000f7900000)
  from space 41472K, 99% used [0x00000000fd780000,0x00000000ffffd3d0,0x0000000100000000)
  to   space 69120K, 0% used [0x00000000f7900000,0x00000000f7900000,0x00000000fbc80000)
 ParOldGen       total 171008K, used 170676K [0x0000000080000000, 0x000000008a700000, 0x00000000d5580000)
  object space 171008K, 99% used [0x0000000080000000,0x000000008a6ad2c8,0x000000008a700000)
 Metaspace       used 100143K, capacity 108160K, committed 108328K, reserved 1142784K
  class space    used 12778K, capacity 14029K, committed 14144K, reserved 1048576K
Event: 14562.660 GC heap after
Heap after GC invocations=78 (full 6):
 PSYoungGen      total 602112K, used 0K [0x00000000d5580000, 0x0000000100000000, 0x0000000100000000)
  eden space 560640K, 0% used [0x00000000d5580000,0x00000000d5580000,0x00000000f7900000)
  from space 41472K, 0% used [0x00000000fd780000,0x00000000fd780000,0x0000000100000000)
  to   space 69120K, 0% used [0x00000000f7900000,0x00000000f7900000,0x00000000fbc80000)
 ParOldGen       total 259584K, used 152181K [0x0000000080000000, 0x000000008fd80000, 0x00000000d5580000)
  object space 259584K, 58% used [0x0000000080000000,0x000000008949d6f0,0x000000008fd80000)
 Metaspace       used 99383K, capacity 106812K, committed 108328K, reserved 1142784K
  class space    used 12639K, capacity 13778K, committed 14144K, reserved 1048576K
}
Event: 15140.035 GC heap before
{Heap before GC invocations=79 (full 6):
 PSYoungGen      total 602112K, used 560640K [0x00000000d5580000, 0x0000000100000000, 0x0000000100000000)
  eden space 560640K, 100% used [0x00000000d5580000,0x00000000f7900000,0x00000000f7900000)
  from space 41472K, 0% used [0x00000000fd780000,0x00000000fd780000,0x0000000100000000)
  to   space 69120K, 0% used [0x00000000f7900000,0x00000000f7900000,0x00000000fbc80000)
 ParOldGen       total 259584K, used 152181K [0x0000000080000000, 0x000000008fd80000, 0x00000000d5580000)
  object space 259584K, 58% used [0x0000000080000000,0x000000008949d6f0,0x000000008fd80000)
 Metaspace       used 99651K, capacity 107198K, committed 108328K, reserved 1142784K
  class space    used 12677K, capacity 13848K, committed 14144K, reserved 1048576K
Event: 15143.204 GC heap after
Heap after GC invocations=79 (full 6):
 PSYoungGen      total 627712K, used 66617K [0x00000000d5580000, 0x0000000100000000, 0x0000000100000000)
  eden space 560640K, 0% used [0x00000000d5580000,0x00000000d5580000,0x00000000f7900000)
  from space 67072K, 99% used [0x00000000f7900000,0x00000000fba0e660,0x00000000fba80000)
  to   space 71168K, 0% used [0x00000000fba80000,0x00000000fba80000,0x0000000100000000)
 ParOldGen       total 259584K, used 160719K [0x0000000080000000, 0x000000008fd80000, 0x00000000d5580000)
  object space 259584K, 61% used [0x0000000080000000,0x0000000089cf3f50,0x000000008fd80000)
 Metaspace       used 99651K, capacity 107198K, committed 108328K, reserved 1142784K
  class space    used 12677K, capacity 13848K, committed 14144K, reserved 1048576K
}
Event: 15798.152 GC heap before
{Heap before GC invocations=80 (full 6):
 PSYoungGen      total 627712K, used 626664K [0x00000000d5580000, 0x0000000100000000, 0x0000000100000000)
  eden space 560640K, 99% used [0x00000000d5580000,0x00000000f786bb30,0x00000000f7900000)
  from space 67072K, 99% used [0x00000000f7900000,0x00000000fba0e660,0x00000000fba80000)
  to   space 71168K, 0% used [0x00000000fba80000,0x00000000fba80000,0x0000000100000000)
 ParOldGen       total 259584K, used 160719K [0x0000000080000000, 0x000000008fd80000, 0x00000000d5580000)
  object space 259584K, 61% used [0x0000000080000000,0x0000000089cf3f50,0x000000008fd80000)
 Metaspace       used 100055K, capacity 107696K, committed 108584K, reserved 1144832K
  class space    used 12724K, capacity 13929K, committed 14144K, reserved 1048576K
Event: 15813.429 GC heap after
Heap after GC invocations=80 (full 6):
 PSYoungGen      total 605184K, used 47036K [0x00000000d5580000, 0x0000000100000000, 0x0000000100000000)
  eden space 534016K, 0% used [0x00000000d5580000,0x00000000d5580000,0x00000000f5f00000)
  from space 71168K, 66% used [0x00000000fba80000,0x00000000fe86f198,0x0000000100000000)
  to   space 82432K, 0% used [0x00000000f5f00000,0x00000000f5f00000,0x00000000faf80000)
 ParOldGen       total 259584K, used 222310K [0x0000000080000000, 0x000000008fd80000, 0x00000000d5580000)
  object space 259584K, 85% used [0x0000000080000000,0x000000008d919868,0x000000008fd80000)
 Metaspace       used 100055K, capacity 107696K, committed 108584K, reserved 1144832K
  class space    used 12724K, capacity 13929K, committed 14144K, reserved 1048576K
}
Event: 15813.740 GC heap before
{Heap before GC invocations=81 (full 7):
 PSYoungGen      total 605184K, used 47036K [0x00000000d5580000, 0x0000000100000000, 0x0000000100000000)
  eden space 534016K, 0% used [0x00000000d5580000,0x00000000d5580000,0x00000000f5f00000)
  from space 71168K, 66% used [0x00000000fba80000,0x00000000fe86f198,0x0000000100000000)
  to   space 82432K, 0% used [0x00000000f5f00000,0x00000000f5f00000,0x00000000faf80000)
 ParOldGen       total 259584K, used 222310K [0x0000000080000000, 0x000000008fd80000, 0x00000000d5580000)
  object space 259584K, 85% used [0x0000000080000000,0x000000008d919868,0x000000008fd80000)
 Metaspace       used 100055K, capacity 107696K, committed 108584K, reserved 1144832K
  class space    used 12724K, capacity 13929K, committed 14144K, reserved 1048576K
Event: 15836.413 GC heap after
Heap after GC invocations=81 (full 7):
 PSYoungGen      total 605184K, used 0K [0x00000000d5580000, 0x0000000100000000, 0x0000000100000000)
  eden space 534016K, 0% used [0x00000000d5580000,0x00000000d5580000,0x00000000f5f00000)
  from space 71168K, 0% used [0x00000000fba80000,0x00000000fba80000,0x0000000100000000)
  to   space 82432K, 0% used [0x00000000f5f00000,0x00000000f5f00000,0x00000000faf80000)
 ParOldGen       total 229376K, used 96298K [0x0000000080000000, 0x000000008e000000, 0x00000000d5580000)
  object space 229376K, 41% used [0x0000000080000000,0x0000000085e0aaa0,0x000000008e000000)
 Metaspace       used 99987K, capacity 107588K, committed 108584K, reserved 1144832K
  class space    used 12714K, capacity 13911K, committed 14144K, reserved 1048576K
}
Event: 18000.604 GC heap before
{Heap before GC invocations=82 (full 7):
 PSYoungGen      total 605184K, used 534016K [0x00000000d5580000, 0x0000000100000000, 0x0000000100000000)
  eden space 534016K, 100% used [0x00000000d5580000,0x00000000f5f00000,0x00000000f5f00000)
  from space 71168K, 0% used [0x00000000fba80000,0x00000000fba80000,0x0000000100000000)
  to   space 82432K, 0% used [0x00000000f5f00000,0x00000000f5f00000,0x00000000faf80000)
 ParOldGen       total 229376K, used 96298K [0x0000000080000000, 0x000000008e000000, 0x00000000d5580000)
  object space 229376K, 41% used [0x0000000080000000,0x0000000085e0aaa0,0x000000008e000000)
 Metaspace       used 100270K, capacity 107984K, committed 108840K, reserved 1144832K
  class space    used 12730K, capacity 13933K, committed 14144K, reserved 1048576K
Event: 18001.590 GC heap after
Heap after GC invocations=82 (full 7):
 PSYoungGen      total 616448K, used 21798K [0x00000000d5580000, 0x0000000100000000, 0x0000000100000000)
  eden space 534016K, 0% used [0x00000000d5580000,0x00000000d5580000,0x00000000f5f00000)
  from space 82432K, 26% used [0x00000000f5f00000,0x00000000f7449a90,0x00000000faf80000)
  to   space 78336K, 0% used [0x00000000fb380000,0x00000000fb380000,0x0000000100000000)
 ParOldGen       total 229376K, used 96298K [0x0000000080000000, 0x000000008e000000, 0x00000000d5580000)
  object space 229376K, 41% used [0x0000000080000000,0x0000000085e0aaa0,0x000000008e000000)
 Metaspace       used 100270K, capacity 107984K, committed 108840K, reserved 1144832K
  class space    used 12730K, capacity 13933K, committed 14144K, reserved 1048576K
}

