# JRE version: OpenJDK Runtime Environment (8.0_242-b01) (build 1.8.0_242-release-1644-b01)
# Java VM: OpenJDK 64-Bit Server VM (25.242-b01 mixed mode windows-amd64 compressed oops)
Heap:
 PSYoungGen      total 655872K, used 628257K [0x00000000d5580000, 0x00000000ffd00000, 0x0000000100000000)
  eden space 614912K, 98% used [0x00000000d5580000,0x00000000fa6c6cd0,0x00000000fae00000)
  from space 40960K, 50% used [0x00000000fd500000,0x00000000fe941880,0x00000000ffd00000)
  to   space 39936K, 0% used [0x00000000fae00000,0x00000000fae00000,0x00000000fd500000)
 ParOldGen       total 151040K, used 111256K [0x0000000080000000, 0x0000000089380000, 0x00000000d5580000)
  object space 151040K, 73% used [0x0000000080000000,0x0000000086ca6040,0x0000000089380000)
 Metaspace       used 138087K, capacity 146416K, committed 146520K, reserved 1175552K
  class space    used 17851K, capacity 19541K, committed 19584K, reserved 1048576K
GC Heap History (10 events):
Event: 1475.315 GC heap before
{Heap before GC invocations=33 (full 5):
 PSYoungGen      total 415232K, used 371712K [0x00000000d5580000, 0x00000000f5980000, 0x0000000100000000)
  eden space 371712K, 100% used [0x00000000d5580000,0x00000000ec080000,0x00000000ec080000)
  from space 43520K, 0% used [0x00000000ec080000,0x00000000ec080000,0x00000000eeb00000)
  to   space 43008K, 0% used [0x00000000f2f80000,0x00000000f2f80000,0x00000000f5980000)
 ParOldGen       total 151040K, used 77703K [0x0000000080000000, 0x0000000089380000, 0x00000000d5580000)
  object space 151040K, 51% used [0x0000000080000000,0x0000000084be1cb8,0x0000000089380000)
 Metaspace       used 115770K, capacity 121784K, committed 122072K, reserved 1155072K
  class space    used 15002K, capacity 16264K, committed 16384K, reserved 1048576K
Event: 1477.211 GC heap after
Heap after GC invocations=33 (full 5):
 PSYoungGen      total 482304K, used 8943K [0x00000000d5580000, 0x00000000f5700000, 0x0000000100000000)
  eden space 441856K, 0% used [0x00000000d5580000,0x00000000d5580000,0x00000000f0500000)
  from space 40448K, 22% used [0x00000000f2f80000,0x00000000f383bc50,0x00000000f5700000)
  to   space 41984K, 0% used [0x00000000f0500000,0x00000000f0500000,0x00000000f2e00000)
 ParOldGen       total 151040K, used 77711K [0x0000000080000000, 0x0000000089380000, 0x00000000d5580000)
  object space 151040K, 51% used [0x0000000080000000,0x0000000084be3cb8,0x0000000089380000)
 Metaspace       used 115770K, capacity 121784K, committed 122072K, reserved 1155072K
  class space    used 15002K, capacity 16264K, committed 16384K, reserved 1048576K
}
Event: 3644.716 GC heap before
{Heap before GC invocations=34 (full 5):
 PSYoungGen      total 482304K, used 450799K [0x00000000d5580000, 0x00000000f5700000, 0x0000000100000000)
  eden space 441856K, 100% used [0x00000000d5580000,0x00000000f0500000,0x00000000f0500000)
  from space 40448K, 22% used [0x00000000f2f80000,0x00000000f383bc50,0x00000000f5700000)
  to   space 41984K, 0% used [0x00000000f0500000,0x00000000f0500000,0x00000000f2e00000)
 ParOldGen       total 151040K, used 77711K [0x0000000080000000, 0x0000000089380000, 0x00000000d5580000)
  object space 151040K, 51% used [0x0000000080000000,0x0000000084be3cb8,0x0000000089380000)
 Metaspace       used 117893K, capacity 125128K, committed 125400K, reserved 1157120K
  class space    used 15347K, capacity 16836K, committed 16896K, reserved 1048576K
Event: 3681.282 GC heap after
Heap after GC invocations=34 (full 5):
 PSYoungGen      total 483840K, used 26669K [0x00000000d5580000, 0x00000000fa700000, 0x0000000100000000)
  eden space 441856K, 0% used [0x00000000d5580000,0x00000000d5580000,0x00000000f0500000)
  from space 41984K, 63% used [0x00000000f0500000,0x00000000f1f0b498,0x00000000f2e00000)
  to   space 43008K, 0% used [0x00000000f7d00000,0x00000000f7d00000,0x00000000fa700000)
 ParOldGen       total 151040K, used 77719K [0x0000000080000000, 0x0000000089380000, 0x00000000d5580000)
  object space 151040K, 51% used [0x0000000080000000,0x0000000084be5cb8,0x0000000089380000)
 Metaspace       used 117893K, capacity 125128K, committed 125400K, reserved 1157120K
  class space    used 15347K, capacity 16836K, committed 16896K, reserved 1048576K
}
Event: 3871.929 GC heap before
{Heap before GC invocations=35 (full 5):
 PSYoungGen      total 483840K, used 468525K [0x00000000d5580000, 0x00000000fa700000, 0x0000000100000000)
  eden space 441856K, 100% used [0x00000000d5580000,0x00000000f0500000,0x00000000f0500000)
  from space 41984K, 63% used [0x00000000f0500000,0x00000000f1f0b498,0x00000000f2e00000)
  to   space 43008K, 0% used [0x00000000f7d00000,0x00000000f7d00000,0x00000000fa700000)
 ParOldGen       total 151040K, used 77719K [0x0000000080000000, 0x0000000089380000, 0x00000000d5580000)
  object space 151040K, 51% used [0x0000000080000000,0x0000000084be5cb8,0x0000000089380000)
 Metaspace       used 123219K, capacity 130572K, committed 130904K, reserved 1163264K
  class space    used 15970K, capacity 17496K, committed 17536K, reserved 1048576K
Event: 3883.600 GC heap after
Heap after GC invocations=35 (full 5):
 PSYoungGen      total 565760K, used 10694K [0x00000000d5580000, 0x00000000fad80000, 0x0000000100000000)
  eden space 522752K, 0% used [0x00000000d5580000,0x00000000d5580000,0x00000000f5400000)
  from space 43008K, 24% used [0x00000000f7d00000,0x00000000f87719c8,0x00000000fa700000)
  to   space 41984K, 0% used [0x00000000f5400000,0x00000000f5400000,0x00000000f7d00000)
 ParOldGen       total 151040K, used 102161K [0x0000000080000000, 0x0000000089380000, 0x00000000d5580000)
  object space 151040K, 67% used [0x0000000080000000,0x00000000863c47d8,0x0000000089380000)
 Metaspace       used 123219K, capacity 130572K, committed 130904K, reserved 1163264K
  class space    used 15970K, capacity 17496K, committed 17536K, reserved 1048576K
}
Event: 3986.632 GC heap before
{Heap before GC invocations=36 (full 5):
 PSYoungGen      total 565760K, used 533446K [0x00000000d5580000, 0x00000000fad80000, 0x0000000100000000)
  eden space 522752K, 100% used [0x00000000d5580000,0x00000000f5400000,0x00000000f5400000)
  from space 43008K, 24% used [0x00000000f7d00000,0x00000000f87719c8,0x00000000fa700000)
  to   space 41984K, 0% used [0x00000000f5400000,0x00000000f5400000,0x00000000f7d00000)
 ParOldGen       total 151040K, used 102161K [0x0000000080000000, 0x0000000089380000, 0x00000000d5580000)
  object space 151040K, 67% used [0x0000000080000000,0x00000000863c47d8,0x0000000089380000)
 Metaspace       used 125540K, capacity 133144K, committed 133336K, reserved 1165312K
  class space    used 16253K, capacity 17820K, committed 17920K, reserved 1048576K
Event: 3991.904 GC heap after
Heap after GC invocations=36 (full 5):
 PSYoungGen      total 564736K, used 7467K [0x00000000d5580000, 0x00000000ffd00000, 0x0000000100000000)
  eden space 522752K, 0% used [0x00000000d5580000,0x00000000d5580000,0x00000000f5400000)
  from space 41984K, 17% used [0x00000000f5400000,0x00000000f5b4ac18,0x00000000f7d00000)
  to   space 40960K, 0% used [0x00000000fd500000,0x00000000fd500000,0x00000000ffd00000)
 ParOldGen       total 151040K, used 107670K [0x0000000080000000, 0x0000000089380000, 0x00000000d5580000)
  object space 151040K, 71% used [0x0000000080000000,0x00000000869259d0,0x0000000089380000)
 Metaspace       used 125540K, capacity 133144K, committed 133336K, reserved 1165312K
  class space    used 16253K, capacity 17820K, committed 17920K, reserved 1048576K
}
Event: 4022.889 GC heap before
{Heap before GC invocations=37 (full 5):
 PSYoungGen      total 564736K, used 530219K [0x00000000d5580000, 0x00000000ffd00000, 0x0000000100000000)
  eden space 522752K, 100% used [0x00000000d5580000,0x00000000f5400000,0x00000000f5400000)
  from space 41984K, 17% used [0x00000000f5400000,0x00000000f5b4ac18,0x00000000f7d00000)
  to   space 40960K, 0% used [0x00000000fd500000,0x00000000fd500000,0x00000000ffd00000)
 ParOldGen       total 151040K, used 107674K [0x0000000080000000, 0x0000000089380000, 0x00000000d5580000)
  object space 151040K, 71% used [0x0000000080000000,0x00000000869269e0,0x0000000089380000)
 Metaspace       used 130855K, capacity 138518K, committed 138840K, reserved 1169408K
  class space    used 16917K, capacity 18488K, committed 18560K, reserved 1048576K
Event: 4023.212 GC heap after
Heap after GC invocations=37 (full 5):
 PSYoungGen      total 655872K, used 20742K [0x00000000d5580000, 0x00000000ffd00000, 0x0000000100000000)
  eden space 614912K, 0% used [0x00000000d5580000,0x00000000d5580000,0x00000000fae00000)
  from space 40960K, 50% used [0x00000000fd500000,0x00000000fe941880,0x00000000ffd00000)
  to   space 39936K, 0% used [0x00000000fae00000,0x00000000fae00000,0x00000000fd500000)
 ParOldGen       total 151040K, used 111256K [0x0000000080000000, 0x0000000089380000, 0x00000000d5580000)
  object space 151040K, 73% used [0x0000000080000000,0x0000000086ca6040,0x0000000089380000)
 Metaspace       used 130855K, capacity 138518K, committed 138840K, reserved 1169408K
  class space    used 16917K, capacity 18488K, committed 18560K, reserved 1048576K
}

